2025-05-14 17:26:02,016 - INFO - Using device: cpu
2025-05-14 17:26:04,904 - INFO - Model Architecture:
2025-05-14 17:26:04,905 - INFO -   feature_extractor.lstm.weight_ih_l0: 3072 params (mean=-0.0011, std=0.0512)
2025-05-14 17:26:04,907 - INFO -   feature_extractor.lstm.weight_hh_l0: 65536 params (mean=-0.0002, std=0.0510)
2025-05-14 17:26:04,907 - INFO -   feature_extractor.lstm.bias_ih_l0: 512 params (mean=0.0054, std=0.0516)
2025-05-14 17:26:04,907 - INFO -   feature_extractor.lstm.bias_hh_l0: 512 params (mean=-0.0040, std=0.0508)
2025-05-14 17:26:04,908 - INFO -   feature_extractor.lstm.weight_ih_l1: 65536 params (mean=-0.0003, std=0.0509)
2025-05-14 17:26:04,908 - INFO -   feature_extractor.lstm.weight_hh_l1: 65536 params (mean=-0.0003, std=0.0509)
2025-05-14 17:26:04,908 - INFO -   feature_extractor.lstm.bias_ih_l1: 512 params (mean=0.0049, std=0.0517)
2025-05-14 17:26:04,909 - INFO -   feature_extractor.lstm.bias_hh_l1: 512 params (mean=0.0009, std=0.0505)
2025-05-14 17:26:04,909 - INFO -   actor.0.weight: 16384 params (mean=-0.0001, std=0.0509)
2025-05-14 17:26:04,909 - INFO -   actor.0.bias: 128 params (mean=-0.0051, std=0.0511)
2025-05-14 17:26:04,909 - INFO -   actor.2.weight: 384 params (mean=-0.0033, std=0.0497)
2025-05-14 17:26:04,910 - INFO -   actor.2.bias: 3 params (mean=0.0122, std=0.0383)
2025-05-14 17:26:04,910 - INFO -   critic.0.weight: 16384 params (mean=0.0006, std=0.0511)
2025-05-14 17:26:04,911 - INFO -   critic.0.bias: 128 params (mean=0.0011, std=0.0515)
2025-05-14 17:26:04,912 - INFO -   critic.2.weight: 128 params (mean=-0.0031, std=0.0515)
2025-05-14 17:26:04,912 - INFO -   critic.2.bias: 1 params (mean=-0.0159, std=nan)
2025-05-14 17:26:04,913 - INFO - Total trainable parameters: 235268
2025-05-14 17:26:04,913 - INFO - Replay buffer: 0/64 samples
2025-05-14 17:26:34,920 - INFO - TCP servers ready on ports 5556 and 5557
2025-05-14 17:26:44,920 - INFO - Waiting for NinjaScript to connect and send READY...
2025-05-14 17:27:00,963 - INFO - Handshake completed successfully
2025-05-14 17:32:04,750 - INFO - Epoch 1/1 complete - Avg loss: 0.1034 - Buffer: 5505 samples
2025-05-14 17:32:19,004 - INFO - Model and replay buffer saved
2025-05-14 17:32:19,005 - INFO - Training completed in 318.03 seconds
2025-05-14 17:32:19,038 - INFO - Starting initial training with 5531 samples
2025-05-14 17:33:39,595 - INFO - Using device: cpu
2025-05-14 17:33:42,137 - INFO - Loaded model from C:\Users\ingle\OneDrive\Desktop\Actor_Critic_ML_NT\actor_critic_model.pth
2025-05-14 17:33:47,533 - INFO - Loaded replay buffer with 5505 samples
2025-05-14 17:33:47,546 - INFO - Model Architecture:
2025-05-14 17:33:47,567 - INFO -   feature_extractor.lstm.weight_ih_l0: 3072 params (mean=-0.0010, std=0.0498)
2025-05-14 17:33:47,569 - INFO -   feature_extractor.lstm.weight_hh_l0: 65536 params (mean=-0.0002, std=0.0496)
2025-05-14 17:33:47,570 - INFO -   feature_extractor.lstm.bias_ih_l0: 512 params (mean=0.0053, std=0.0502)
2025-05-14 17:33:47,570 - INFO -   feature_extractor.lstm.bias_hh_l0: 512 params (mean=-0.0038, std=0.0494)
2025-05-14 17:33:47,571 - INFO -   feature_extractor.lstm.weight_ih_l1: 65536 params (mean=-0.0000, std=0.0522)
2025-05-14 17:33:47,571 - INFO -   feature_extractor.lstm.weight_hh_l1: 65536 params (mean=0.0011, std=0.0566)
2025-05-14 17:33:47,572 - INFO -   feature_extractor.lstm.bias_ih_l1: 512 params (mean=-0.0103, std=0.0556)
2025-05-14 17:33:47,572 - INFO -   feature_extractor.lstm.bias_hh_l1: 512 params (mean=-0.0141, std=0.0549)
2025-05-14 17:33:47,573 - INFO -   actor.0.weight: 16384 params (mean=0.0002, std=0.0535)
2025-05-14 17:33:47,574 - INFO -   actor.0.bias: 128 params (mean=-0.0089, std=0.0529)
2025-05-14 17:33:47,575 - INFO -   actor.2.weight: 384 params (mean=-0.0023, std=0.0480)
2025-05-14 17:33:47,576 - INFO -   actor.2.bias: 3 params (mean=0.0057, std=0.0401)
2025-05-14 17:33:47,576 - INFO -   critic.0.weight: 16384 params (mean=-0.0000, std=0.0542)
2025-05-14 17:33:47,577 - INFO -   critic.0.bias: 128 params (mean=0.0748, std=0.1231)
2025-05-14 17:33:47,578 - INFO -   critic.2.weight: 128 params (mean=0.0136, std=0.0595)
2025-05-14 17:33:47,585 - INFO -   critic.2.bias: 1 params (mean=0.1630, std=nan)
2025-05-14 17:33:47,585 - INFO - Total trainable parameters: 235268
2025-05-14 17:33:47,585 - INFO - Replay buffer: 5505/64 samples
2025-05-14 17:33:52,601 - INFO - TCP servers ready on ports 5556 and 5557
2025-05-14 17:34:02,602 - INFO - Waiting for NinjaScript to connect and send READY...
2025-05-14 17:34:02,605 - INFO - Handshake completed successfully
2025-05-14 17:42:51,959 - INFO - Using device: cpu
2025-05-14 17:42:54,440 - INFO - Loaded model from C:\Users\ingle\OneDrive\Desktop\Actor_Critic_ML_NT\actor_critic_model.pth
2025-05-14 17:42:59,390 - INFO - Loaded replay buffer with 5505 samples
2025-05-14 17:42:59,395 - INFO - Model Architecture:
2025-05-14 17:42:59,428 - INFO -   feature_extractor.lstm.weight_ih_l0: 3072 params (mean=-0.0010, std=0.0498)
2025-05-14 17:42:59,434 - INFO -   feature_extractor.lstm.weight_hh_l0: 65536 params (mean=-0.0002, std=0.0496)
2025-05-14 17:42:59,434 - INFO -   feature_extractor.lstm.bias_ih_l0: 512 params (mean=0.0053, std=0.0502)
2025-05-14 17:42:59,434 - INFO -   feature_extractor.lstm.bias_hh_l0: 512 params (mean=-0.0038, std=0.0494)
2025-05-14 17:42:59,434 - INFO -   feature_extractor.lstm.weight_ih_l1: 65536 params (mean=-0.0000, std=0.0522)
2025-05-14 17:42:59,435 - INFO -   feature_extractor.lstm.weight_hh_l1: 65536 params (mean=0.0011, std=0.0566)
2025-05-14 17:42:59,435 - INFO -   feature_extractor.lstm.bias_ih_l1: 512 params (mean=-0.0103, std=0.0556)
2025-05-14 17:42:59,435 - INFO -   feature_extractor.lstm.bias_hh_l1: 512 params (mean=-0.0141, std=0.0549)
2025-05-14 17:42:59,436 - INFO -   actor.0.weight: 16384 params (mean=0.0002, std=0.0535)
2025-05-14 17:42:59,436 - INFO -   actor.0.bias: 128 params (mean=-0.0089, std=0.0529)
2025-05-14 17:42:59,437 - INFO -   actor.2.weight: 384 params (mean=-0.0023, std=0.0480)
2025-05-14 17:42:59,437 - INFO -   actor.2.bias: 3 params (mean=0.0057, std=0.0401)
2025-05-14 17:42:59,438 - INFO -   critic.0.weight: 16384 params (mean=-0.0000, std=0.0542)
2025-05-14 17:42:59,438 - INFO -   critic.0.bias: 128 params (mean=0.0748, std=0.1231)
2025-05-14 17:42:59,438 - INFO -   critic.2.weight: 128 params (mean=0.0136, std=0.0595)
2025-05-14 17:42:59,444 - INFO -   critic.2.bias: 1 params (mean=0.1630, std=nan)
2025-05-14 17:42:59,445 - INFO - Total trainable parameters: 235268
2025-05-14 17:42:59,445 - INFO - Replay buffer: 5505/64 samples
2025-05-14 17:43:04,471 - INFO - TCP servers ready on ports 5556 and 5557
2025-05-14 17:43:14,471 - INFO - Waiting for NinjaScript to connect and send READY...
2025-05-14 17:43:14,475 - INFO - Handshake completed successfully
2025-05-14 17:51:52,491 - INFO - Using device: cpu
2025-05-14 17:51:55,161 - INFO - Loaded model from C:\Users\ingle\OneDrive\Desktop\Actor_Critic_ML_NT\actor_critic_model.pth
2025-05-14 17:52:00,318 - INFO - Loaded replay buffer with 5505 samples
2025-05-14 17:52:00,323 - INFO - Model Architecture:
2025-05-14 17:52:00,348 - INFO -   feature_extractor.lstm.weight_ih_l0: 3072 params (mean=-0.0010, std=0.0498)
2025-05-14 17:52:00,353 - INFO -   feature_extractor.lstm.weight_hh_l0: 65536 params (mean=-0.0002, std=0.0496)
2025-05-14 17:52:00,354 - INFO -   feature_extractor.lstm.bias_ih_l0: 512 params (mean=0.0053, std=0.0502)
2025-05-14 17:52:00,355 - INFO -   feature_extractor.lstm.bias_hh_l0: 512 params (mean=-0.0038, std=0.0494)
2025-05-14 17:52:00,356 - INFO -   feature_extractor.lstm.weight_ih_l1: 65536 params (mean=-0.0000, std=0.0522)
2025-05-14 17:52:00,356 - INFO -   feature_extractor.lstm.weight_hh_l1: 65536 params (mean=0.0011, std=0.0566)
2025-05-14 17:52:00,357 - INFO -   feature_extractor.lstm.bias_ih_l1: 512 params (mean=-0.0103, std=0.0556)
2025-05-14 17:52:00,357 - INFO -   feature_extractor.lstm.bias_hh_l1: 512 params (mean=-0.0141, std=0.0549)
2025-05-14 17:52:00,358 - INFO -   actor.0.weight: 16384 params (mean=0.0002, std=0.0535)
2025-05-14 17:52:00,359 - INFO -   actor.0.bias: 128 params (mean=-0.0089, std=0.0529)
2025-05-14 17:52:00,360 - INFO -   actor.2.weight: 384 params (mean=-0.0023, std=0.0480)
2025-05-14 17:52:00,360 - INFO -   actor.2.bias: 3 params (mean=0.0057, std=0.0401)
2025-05-14 17:52:00,362 - INFO -   critic.0.weight: 16384 params (mean=-0.0000, std=0.0542)
2025-05-14 17:52:00,362 - INFO -   critic.0.bias: 128 params (mean=0.0748, std=0.1231)
2025-05-14 17:52:00,363 - INFO -   critic.2.weight: 128 params (mean=0.0136, std=0.0595)
2025-05-14 17:52:00,367 - INFO -   critic.2.bias: 1 params (mean=0.1630, std=nan)
2025-05-14 17:52:00,368 - INFO - Total trainable parameters: 235268
2025-05-14 17:52:00,368 - INFO - Replay buffer: 5505/64 samples
2025-05-14 17:52:05,389 - INFO - TCP servers ready on ports 5556 and 5557
2025-05-14 17:52:15,390 - INFO - Waiting for NinjaScript to connect and send READY...
2025-05-14 17:52:20,897 - INFO - Handshake completed successfully
2025-05-14 17:58:35,420 - INFO - Using device: cpu
2025-05-14 17:58:38,006 - INFO - Loaded model from C:\Users\ingle\OneDrive\Desktop\Actor_Critic_ML_NT\actor_critic_model.pth
2025-05-14 17:58:43,446 - INFO - Loaded replay buffer with 5505 samples
2025-05-14 17:58:43,450 - INFO - Model Architecture:
2025-05-14 17:58:43,468 - INFO -   feature_extractor.lstm.weight_ih_l0: 3072 params (mean=-0.0010, std=0.0498)
2025-05-14 17:58:43,475 - INFO -   feature_extractor.lstm.weight_hh_l0: 65536 params (mean=-0.0002, std=0.0496)
2025-05-14 17:58:43,476 - INFO -   feature_extractor.lstm.bias_ih_l0: 512 params (mean=0.0053, std=0.0502)
2025-05-14 17:58:43,476 - INFO -   feature_extractor.lstm.bias_hh_l0: 512 params (mean=-0.0038, std=0.0494)
2025-05-14 17:58:43,480 - INFO -   feature_extractor.lstm.weight_ih_l1: 65536 params (mean=-0.0000, std=0.0522)
2025-05-14 17:58:43,482 - INFO -   feature_extractor.lstm.weight_hh_l1: 65536 params (mean=0.0011, std=0.0566)
2025-05-14 17:58:43,483 - INFO -   feature_extractor.lstm.bias_ih_l1: 512 params (mean=-0.0103, std=0.0556)
2025-05-14 17:58:43,484 - INFO -   feature_extractor.lstm.bias_hh_l1: 512 params (mean=-0.0141, std=0.0549)
2025-05-14 17:58:43,486 - INFO -   actor.0.weight: 16384 params (mean=0.0002, std=0.0535)
2025-05-14 17:58:43,487 - INFO -   actor.0.bias: 128 params (mean=-0.0089, std=0.0529)
2025-05-14 17:58:43,488 - INFO -   actor.2.weight: 384 params (mean=-0.0023, std=0.0480)
2025-05-14 17:58:43,488 - INFO -   actor.2.bias: 3 params (mean=0.0057, std=0.0401)
2025-05-14 17:58:43,489 - INFO -   critic.0.weight: 16384 params (mean=-0.0000, std=0.0542)
2025-05-14 17:58:43,490 - INFO -   critic.0.bias: 128 params (mean=0.0748, std=0.1231)
2025-05-14 17:58:43,491 - INFO -   critic.2.weight: 128 params (mean=0.0136, std=0.0595)
2025-05-14 17:58:43,496 - INFO -   critic.2.bias: 1 params (mean=0.1630, std=nan)
2025-05-14 17:58:43,497 - INFO - Total trainable parameters: 235268
2025-05-14 17:58:43,497 - INFO - Replay buffer: 5505/64 samples
2025-05-14 17:58:48,518 - INFO - TCP servers ready on ports 5556 and 5557
2025-05-14 17:58:58,519 - INFO - Waiting for NinjaScript to connect and send READY...
2025-05-14 17:59:05,294 - INFO - Handshake completed successfully
